<?xml version="1.0" encoding="UTF-8"?>
<testng-results skipped="0" failed="0" ignored="0" total="1" passed="1">
  <reporter-output>
  </reporter-output>
  <suite name="Suite" duration-ms="52" started-at="2022-09-21T20:45:49 IST" finished-at="2022-09-21T20:45:49 IST">
    <groups>
    </groups>
    <test name="Test" duration-ms="52" started-at="2022-09-21T20:45:49 IST" finished-at="2022-09-21T20:45:49 IST">
      <class name="Para.FirefoxVhecking">
        <test-method status="PASS" signature="verfyTitlr(java.lang.String)[pri:0, instance:Para.FirefoxVhecking@4d50efb8]" name="verfyTitlr" duration-ms="7" started-at="2022-09-21T20:45:49 IST" finished-at="2022-09-21T20:45:49 IST">
          <params>
            <param index="0">
              <value>
                <![CDATA[ie]]>
              </value>
            </param>
          </params>
          <reporter-output>
          </reporter-output>
        </test-method> <!-- verfyTitlr -->
      </class> <!-- Para.FirefoxVhecking -->
    </test> <!-- Test -->
  </suite> <!-- Suite -->
</testng-results>
